<?xml version="1.0" encoding="UTF-8"?>
<!-- Generated by org.testng.reporters.JUnitReportReporter -->
<testsuite skipped="0" hostname="LAPTOP-PIU79BCM" name="com.leaftaps.testcases.TC001_VerifyMyHomePage" tests="1" failures="0" timestamp="2023-10-15T09:33:20 IST" time="26.786" errors="0">
  <testcase name="runLogin" time="26.786" classname="com.leaftaps.testcases.TC001_VerifyMyHomePage"/>
  <system-out/>
</testsuite> <!-- com.leaftaps.testcases.TC001_VerifyMyHomePage -->
