<?xml version="1.0" encoding="UTF-8"?>
<!-- Generated by org.testng.reporters.JUnitReportReporter -->
<testsuite skipped="0" hostname="LAPTOP-PIU79BCM" name="com.leaftaps.testcases.TC001_VerifySFLogin_Positive" tests="1" failures="0" timestamp="2023-10-15T09:37:23 IST" time="18.747" errors="0">
  <testcase name="runLogin" time="18.747" classname="com.leaftaps.testcases.TC001_VerifySFLogin_Positive"/>
  <system-out/>
</testsuite> <!-- com.leaftaps.testcases.TC001_VerifySFLogin_Positive -->
