<?xml version="1.0" encoding="UTF-8"?>
<!-- Generated by org.testng.reporters.JUnitReportReporter -->
<testsuite hostname="LAPTOP-7PL90270" failures="0" tests="1" name="com.leaftaps.testcases.TC002_VerifyAccountCreation" time="94.762" errors="0" timestamp="2023-10-16T00:33:14 IST" skipped="0">
  <testcase classname="com.leaftaps.testcases.TC002_VerifyAccountCreation" name="runLogin" time="94.762"/>
  <system-out/>
</testsuite> <!-- com.leaftaps.testcases.TC002_VerifyAccountCreation -->
